0 info it worked if it ends with ok
1 verbose cli [ 'node', '/usr/local/bin/npm', 'install' ]
2 info using npm@1.4.21
3 info using node@v0.10.30
4 warn package.json beer2beer@0.0.0 No repository field.
5 verbose readDependencies using package.json deps
6 verbose install where, deps [ '/Users/luya/Documents/Developpement/workspace/beer2beer',
6 verbose install   [ 'async',
6 verbose install     'body-parser',
6 verbose install     'bower',
6 verbose install     'cookie-parser',
6 verbose install     'cookie-session',
6 verbose install     'ejs',
6 verbose install     'express',
6 verbose install     'express-session',
6 verbose install     'grunt',
6 verbose install     'grunt-cli',
6 verbose install     'grunt-contrib-clean',
6 verbose install     'grunt-contrib-concat',
6 verbose install     'grunt-contrib-copy',
6 verbose install     'grunt-contrib-uglify',
6 verbose install     'grunt-env',
6 verbose install     'grunt-jade-usemin',
6 verbose install     'grunt-ng-annotate',
6 verbose install     'jade',
6 verbose install     'mongoose',
6 verbose install     'passport',
6 verbose install     'passport-google',
6 verbose install     'passport-google-oauth',
6 verbose install     'passport-local',
6 verbose install     'grunt-contrib-cssmin',
6 verbose install     'grunt-contrib-imagemin',
6 verbose install     'grunt-istanbul',
6 verbose install     'imagemin-mozjpeg',
6 verbose install     'asserts',
6 verbose install     'grunt-karma',
6 verbose install     'grunt-mocha-cov',
6 verbose install     'grunt-mocha-test',
6 verbose install     'karma',
6 verbose install     'karma-coverage',
6 verbose install     'karma-jasmine',
6 verbose install     'karma-phantomjs-launcher',
6 verbose install     'karma-sinon-chai',
6 verbose install     'mocha',
6 verbose install     'sinon' ] ]
7 info preinstall beer2beer@0.0.0
8 verbose readDependencies using package.json deps
9 verbose already installed skipping bower@^1.3.12 /Users/luya/Documents/Developpement/workspace/beer2beer
10 verbose already installed skipping cookie-parser@^1.3.3 /Users/luya/Documents/Developpement/workspace/beer2beer
11 verbose already installed skipping cookie-session@^1.0.2 /Users/luya/Documents/Developpement/workspace/beer2beer
12 verbose already installed skipping ejs@^1.0.0 /Users/luya/Documents/Developpement/workspace/beer2beer
13 verbose already installed skipping express@^4.9.8 /Users/luya/Documents/Developpement/workspace/beer2beer
14 verbose already installed skipping express-session@^1.9.1 /Users/luya/Documents/Developpement/workspace/beer2beer
15 verbose already installed skipping grunt@^0.4.5 /Users/luya/Documents/Developpement/workspace/beer2beer
16 verbose already installed skipping grunt-cli@^0.1.13 /Users/luya/Documents/Developpement/workspace/beer2beer
17 verbose already installed skipping grunt-contrib-clean@~0.6.0 /Users/luya/Documents/Developpement/workspace/beer2beer
18 verbose already installed skipping grunt-contrib-concat@^0.5.0 /Users/luya/Documents/Developpement/workspace/beer2beer
19 verbose already installed skipping grunt-contrib-copy@~0.7.0 /Users/luya/Documents/Developpement/workspace/beer2beer
20 verbose already installed skipping grunt-contrib-uglify@^0.6.0 /Users/luya/Documents/Developpement/workspace/beer2beer
21 verbose already installed skipping grunt-env@~0.4.2 /Users/luya/Documents/Developpement/workspace/beer2beer
22 verbose already installed skipping grunt-jade-usemin@^0.11.1 /Users/luya/Documents/Developpement/workspace/beer2beer
23 verbose already installed skipping grunt-ng-annotate@^0.10.0 /Users/luya/Documents/Developpement/workspace/beer2beer
24 verbose already installed skipping jade@^1.7.0 /Users/luya/Documents/Developpement/workspace/beer2beer
25 verbose already installed skipping mongoose@^3.8.17 /Users/luya/Documents/Developpement/workspace/beer2beer
26 verbose already installed skipping passport@^0.2.1 /Users/luya/Documents/Developpement/workspace/beer2beer
27 verbose already installed skipping passport-google@^0.3.0 /Users/luya/Documents/Developpement/workspace/beer2beer
28 verbose already installed skipping passport-google-oauth@^0.1.5 /Users/luya/Documents/Developpement/workspace/beer2beer
29 verbose already installed skipping passport-local@^1.0.0 /Users/luya/Documents/Developpement/workspace/beer2beer
30 verbose already installed skipping grunt-contrib-cssmin@^0.12.2 /Users/luya/Documents/Developpement/workspace/beer2beer
31 verbose already installed skipping grunt-contrib-imagemin@^0.9.3 /Users/luya/Documents/Developpement/workspace/beer2beer
32 verbose already installed skipping grunt-istanbul@~0.3.0 /Users/luya/Documents/Developpement/workspace/beer2beer
33 verbose already installed skipping imagemin-mozjpeg@^4.0.0 /Users/luya/Documents/Developpement/workspace/beer2beer
34 verbose already installed skipping asserts@~4.0.2 /Users/luya/Documents/Developpement/workspace/beer2beer
35 verbose already installed skipping grunt-karma@~0.9.0 /Users/luya/Documents/Developpement/workspace/beer2beer
36 verbose already installed skipping grunt-mocha-cov@~0.3.0 /Users/luya/Documents/Developpement/workspace/beer2beer
37 verbose already installed skipping grunt-mocha-test@^0.12.1 /Users/luya/Documents/Developpement/workspace/beer2beer
38 verbose already installed skipping karma@~0.12.25 /Users/luya/Documents/Developpement/workspace/beer2beer
39 verbose already installed skipping karma-coverage@~0.2.6 /Users/luya/Documents/Developpement/workspace/beer2beer
40 verbose already installed skipping karma-jasmine@~0.3.2 /Users/luya/Documents/Developpement/workspace/beer2beer
41 verbose already installed skipping karma-phantomjs-launcher@~0.1.4 /Users/luya/Documents/Developpement/workspace/beer2beer
42 verbose already installed skipping karma-sinon-chai@~0.2.0 /Users/luya/Documents/Developpement/workspace/beer2beer
43 verbose already installed skipping mocha@^1.21.5 /Users/luya/Documents/Developpement/workspace/beer2beer
44 verbose already installed skipping sinon@~1.10.3 /Users/luya/Documents/Developpement/workspace/beer2beer
45 verbose already installed skipping async@^0.9.0 /Users/luya/Documents/Developpement/workspace/beer2beer
46 verbose already installed skipping body-parser@^1.9.1 /Users/luya/Documents/Developpement/workspace/beer2beer
47 silly resolved []
48 info build /Users/luya/Documents/Developpement/workspace/beer2beer
49 verbose linkStuff [ false,
49 verbose linkStuff   false,
49 verbose linkStuff   false,
49 verbose linkStuff   '/Users/luya/Documents/Developpement/workspace' ]
50 info linkStuff beer2beer@0.0.0
51 verbose linkBins beer2beer@0.0.0
52 verbose linkMans beer2beer@0.0.0
53 verbose rebuildBundles beer2beer@0.0.0
54 verbose rebuildBundles [ '.bin',
54 verbose rebuildBundles   'asserts',
54 verbose rebuildBundles   'async',
54 verbose rebuildBundles   'body-parser',
54 verbose rebuildBundles   'bower',
54 verbose rebuildBundles   'cookie-parser',
54 verbose rebuildBundles   'cookie-session',
54 verbose rebuildBundles   'ejs',
54 verbose rebuildBundles   'express',
54 verbose rebuildBundles   'express-session',
54 verbose rebuildBundles   'grunt',
54 verbose rebuildBundles   'grunt-cli',
54 verbose rebuildBundles   'grunt-contrib-clean',
54 verbose rebuildBundles   'grunt-contrib-concat',
54 verbose rebuildBundles   'grunt-contrib-copy',
54 verbose rebuildBundles   'grunt-contrib-cssmin',
54 verbose rebuildBundles   'grunt-contrib-imagemin',
54 verbose rebuildBundles   'grunt-contrib-uglify',
54 verbose rebuildBundles   'grunt-env',
54 verbose rebuildBundles   'grunt-istanbul',
54 verbose rebuildBundles   'grunt-jade-usemin',
54 verbose rebuildBundles   'grunt-karma',
54 verbose rebuildBundles   'grunt-mocha-cov',
54 verbose rebuildBundles   'grunt-mocha-test',
54 verbose rebuildBundles   'grunt-ng-annotate',
54 verbose rebuildBundles   'grunt-usemin',
54 verbose rebuildBundles   'imagemin-mozjpeg',
54 verbose rebuildBundles   'jade',
54 verbose rebuildBundles   'jasmine-core',
54 verbose rebuildBundles   'karma',
54 verbose rebuildBundles   'karma-coverage',
54 verbose rebuildBundles   'karma-jasmine',
54 verbose rebuildBundles   'karma-mocha',
54 verbose rebuildBundles   'karma-phantomjs-launcher',
54 verbose rebuildBundles   'karma-sinon-chai',
54 verbose rebuildBundles   'mocha',
54 verbose rebuildBundles   'mongoose',
54 verbose rebuildBundles   'passport',
54 verbose rebuildBundles   'passport-google',
54 verbose rebuildBundles   'passport-google-oauth',
54 verbose rebuildBundles   'passport-local',
54 verbose rebuildBundles   'sinon',
54 verbose rebuildBundles   'total.js' ]
55 verbose rebuild bundle /Users/luya/Documents/Developpement/workspace/beer2beer/node_modules/grunt-usemin
56 info build /Users/luya/Documents/Developpement/workspace/beer2beer/node_modules/grunt-usemin
57 info preinstall grunt-usemin@2.6.2
58 verbose linkStuff [ false,
58 verbose linkStuff   false,
58 verbose linkStuff   false,
58 verbose linkStuff   '/Users/luya/Documents/Developpement/workspace/beer2beer/node_modules' ]
59 info linkStuff grunt-usemin@2.6.2
60 verbose linkBins grunt-usemin@2.6.2
61 verbose linkMans grunt-usemin@2.6.2
62 verbose rebuildBundles grunt-usemin@2.6.2
63 verbose rebuildBundles [ 'chalk', 'debug', 'lodash' ]
64 info install grunt-usemin@2.6.2
65 info postinstall grunt-usemin@2.6.2
66 verbose rebuild bundle /Users/luya/Documents/Developpement/workspace/beer2beer/node_modules/jasmine-core
67 info build /Users/luya/Documents/Developpement/workspace/beer2beer/node_modules/jasmine-core
68 info preinstall jasmine-core@2.1.3
69 verbose linkStuff [ false,
69 verbose linkStuff   false,
69 verbose linkStuff   false,
69 verbose linkStuff   '/Users/luya/Documents/Developpement/workspace/beer2beer/node_modules' ]
70 info linkStuff jasmine-core@2.1.3
71 verbose linkBins jasmine-core@2.1.3
72 verbose linkMans jasmine-core@2.1.3
73 verbose rebuildBundles jasmine-core@2.1.3
74 info install jasmine-core@2.1.3
75 info postinstall jasmine-core@2.1.3
76 verbose rebuild bundle /Users/luya/Documents/Developpement/workspace/beer2beer/node_modules/karma-mocha
77 info build /Users/luya/Documents/Developpement/workspace/beer2beer/node_modules/karma-mocha
78 info preinstall karma-mocha@0.1.9
79 verbose linkStuff [ false,
79 verbose linkStuff   false,
79 verbose linkStuff   false,
79 verbose linkStuff   '/Users/luya/Documents/Developpement/workspace/beer2beer/node_modules' ]
80 info linkStuff karma-mocha@0.1.9
81 verbose linkBins karma-mocha@0.1.9
82 verbose linkMans karma-mocha@0.1.9
83 verbose rebuildBundles karma-mocha@0.1.9
84 info install karma-mocha@0.1.9
85 info postinstall karma-mocha@0.1.9
86 verbose rebuild bundle /Users/luya/Documents/Developpement/workspace/beer2beer/node_modules/total.js
87 info build /Users/luya/Documents/Developpement/workspace/beer2beer/node_modules/total.js
88 info preinstall total.js@1.6.2
89 verbose linkStuff [ false,
89 verbose linkStuff   false,
89 verbose linkStuff   false,
89 verbose linkStuff   '/Users/luya/Documents/Developpement/workspace/beer2beer/node_modules' ]
90 info linkStuff total.js@1.6.2
91 verbose linkBins total.js@1.6.2
92 verbose link bins [ { total: './bin/total',
92 verbose link bins     'total.js': './bin/total',
92 verbose link bins     tpm: './bin/tpm' },
92 verbose link bins   '/Users/luya/Documents/Developpement/workspace/beer2beer/node_modules/.bin',
92 verbose link bins   false ]
93 verbose linkMans total.js@1.6.2
94 verbose rebuildBundles total.js@1.6.2
95 info install total.js@1.6.2
96 info postinstall total.js@1.6.2
97 info install beer2beer@0.0.0
98 info postinstall beer2beer@0.0.0
99 verbose unsafe-perm in lifecycle true
100 info beer2beer@0.0.0 Failed to exec postinstall script
101 error beer2beer@0.0.0 postinstall: `bower install --force-latest && grunt heroku:production`
101 error Exit status 3
102 error Failed at the beer2beer@0.0.0 postinstall script.
102 error This is most likely a problem with the beer2beer package,
102 error not with npm itself.
102 error Tell the author that this fails on your system:
102 error     bower install --force-latest && grunt heroku:production
102 error You can get their info via:
102 error     npm owner ls beer2beer
102 error There is likely additional logging output above.
103 error System Darwin 14.0.0
104 error command "node" "/usr/local/bin/npm" "install"
105 error cwd /Users/luya/Documents/Developpement/workspace/beer2beer
106 error node -v v0.10.30
107 error npm -v 1.4.21
108 error code ELIFECYCLE
109 verbose exit [ 1, true ]
